<?xml version="1.0" encoding="UTF-8"?>
<!-- Generated by org.testng.reporters.JUnitXMLReporter -->
<testsuite hostname="LAPTOP-BNPBN61U" name="Test1" tests="6" failures="0" timestamp="6 May 2020 14:58:09 GMT" time="0.121" errors="0">
  <testcase name="veggies" time="0.023" classname="Testng.p1"/>
  <testcase name="shapes" time="0.006" classname="Testng.p1"/>
  <testcase name="Fruit" time="0.003" classname="Testng.p1"/>
  <testcase name="car" time="0.003" classname="Testng.p1"/>
  <testcase name="Test1" time="0.001" classname="Testng.p2"/>
  <testcase name="Test2" time="0.001" classname="Testng.p2"/>
</testsuite> <!-- Test1 -->
